<?xml version="1.0" encoding="UTF-8"?>
<!-- Generated by org.testng.reporters.JUnitReportReporter -->
<testsuite hostname="DESKTOP-874C7K9" failures="0" tests="1" name="teqtestCases.NewRequestTest" time="76.753" errors="0" timestamp="2021-09-14T22:21:16 BDT" skipped="0">
  <testcase classname="teqtestCases.NewRequestTest" name="Signup" time="76.753"/>
  <system-out/>
</testsuite> <!-- teqtestCases.NewRequestTest -->
